2017-12-04 19:37:26   INFO [LogIn.PositiveLogIn] : Chrome will be started
2017-12-04 19:39:04   INFO [LogIn.PositiveLogIn] : Chrome will be started
2017-12-04 19:40:18   INFO [LogIn.PositiveLogIn] : Chrome will be started
2017-12-04 19:40:27   INFO [LogIn.PositiveLogIn] :  Chrome is started
2017-12-04 19:40:29   INFO [Utils.Utils] : ScreenShot: D:\workspace\G22MykhailenkoExam\target\screenshot\LogIn\PositiveLogIn\openHomePage[0]-chrome.jpg
2017-12-04 20:32:56   INFO [LogIn.PositiveLogIn] : Chrome will be started
2017-12-04 20:33:01   INFO [LogIn.PositiveLogIn] :  Chrome is started
2017-12-04 20:33:06   INFO [Utils.Utils] : ScreenShot: D:\workspace\G22MykhailenkoExam\target\screenshot\LogIn\PositiveLogIn\openHomePage[0]-chrome.jpg
2017-12-04 20:33:34   INFO [LogIn.PositiveLogIn] : Chrome will be started
2017-12-04 20:33:38   INFO [LogIn.PositiveLogIn] :  Chrome is started
2017-12-04 20:34:51   INFO [LogIn.PositiveLogIn] : Chrome will be started
2017-12-04 20:34:55   INFO [LogIn.PositiveLogIn] :  Chrome is started
2017-12-04 20:34:56  ERROR [LogIn.PositiveLogIn] : Cannot open http://www.lyubimka.ua/
2017-12-04 20:34:56   INFO [Utils.Utils] : ScreenShot: D:\workspace\G22MykhailenkoExam\target\screenshot\LogIn\PositiveLogIn\openHomePage[0]-chrome.jpg
2017-12-04 20:55:41   INFO [LogIn.PositiveLogIn] : Chrome will be started
2017-12-04 20:55:46   INFO [LogIn.PositiveLogIn] :  Chrome is started
2017-12-04 20:55:47  ERROR [LogIn.PositiveLogIn] : Cannot open http://www.lyubimka.ua/
2017-12-04 20:55:47   INFO [Utils.Utils] : ScreenShot: D:\workspace\G22MykhailenkoExam\target\screenshot\LogIn\PositiveLogIn\openHomePage[0]-chrome.jpg
2017-12-04 20:56:20   INFO [LogIn.PositiveLogIn] : Chrome will be started
2017-12-04 20:56:23   INFO [LogIn.PositiveLogIn] :  Chrome is started
2017-12-04 20:56:25  ERROR [LogIn.PositiveLogIn] : Cannot open http://www.lyubimka.ua
2017-12-04 20:56:25   INFO [Utils.Utils] : ScreenShot: D:\workspace\G22MykhailenkoExam\target\screenshot\LogIn\PositiveLogIn\openHomePage[0]-chrome.jpg
2017-12-04 20:57:44   INFO [LogIn.PositiveLogIn] : Chrome will be started
2017-12-04 20:57:48   INFO [LogIn.PositiveLogIn] :  Chrome is started
2017-12-04 20:57:49  ERROR [LogIn.PositiveLogIn] : Cannot open http://www.lyubimka.ua/
2017-12-04 20:57:49   INFO [Utils.Utils] : ScreenShot: D:\workspace\G22MykhailenkoExam\target\screenshot\LogIn\PositiveLogIn\openHomePage[0]-chrome.jpg
2017-12-04 21:00:26   INFO [LogIn.PositiveLogIn] : Chrome will be started
2017-12-04 21:00:30   INFO [LogIn.PositiveLogIn] :  Chrome is started
2017-12-04 21:00:31  ERROR [LogIn.PositiveLogIn] : Cannot open http://www.lyubimka.ua/
2017-12-04 21:00:32   INFO [Utils.Utils] : ScreenShot: D:\workspace\G22MykhailenkoExam\target\screenshot\LogIn\PositiveLogIn\openHomePage[0]-chrome.jpg
2017-12-04 21:01:31   INFO [LogIn.PositiveLogIn] : Chrome will be started
2017-12-04 21:01:33   INFO [LogIn.PositiveLogIn] :  Chrome is started
2017-12-04 21:01:41   INFO [Utils.Utils] : ScreenShot: D:\workspace\G22MykhailenkoExam\target\screenshot\LogIn\PositiveLogIn\openHomePage[0]-chrome.jpg
2017-12-04 21:03:09   INFO [LogIn.PositiveLogIn] : Chrome will be started
2017-12-04 21:03:11   INFO [LogIn.PositiveLogIn] :  Chrome is started
2017-12-04 21:03:21   INFO [Utils.Utils] : ScreenShot: D:\workspace\G22MykhailenkoExam\target\screenshot\LogIn\PositiveLogIn\openHomePage[0]-chrome.jpg
